-------------------------------------------------------------------------------
Test set: com.hlengi.cos731.ProductService.ProductsControllerTest
-------------------------------------------------------------------------------
Tests run: 7, Failures: 0, Errors: 7, Skipped: 0, Time elapsed: 0.004 sec <<< FAILURE! - in com.hlengi.cos731.ProductService.ProductsControllerTest
testRemoveProduct(com.hlengi.cos731.ProductService.ProductsControllerTest)  Time elapsed: 0 sec  <<< ERROR!
java.lang.NullPointerException: null
	at com.hlengi.cos731.ProductService.ProductsController.removeProduct(ProductsController.java:72)
	at com.hlengi.cos731.ProductService.ProductsControllerTest.testRemoveProduct(ProductsControllerTest.java:125)

testFindAll(com.hlengi.cos731.ProductService.ProductsControllerTest)  Time elapsed: 0 sec  <<< ERROR!
java.lang.NullPointerException: null
	at com.hlengi.cos731.ProductService.ProductsController.findAll(ProductsController.java:37)
	at com.hlengi.cos731.ProductService.ProductsControllerTest.testFindAll(ProductsControllerTest.java:62)

testProcess(com.hlengi.cos731.ProductService.ProductsControllerTest)  Time elapsed: 0 sec  <<< ERROR!
java.lang.NullPointerException: null
	at com.hlengi.cos731.ProductService.ProductsController.process(ProductsController.java:25)
	at com.hlengi.cos731.ProductService.ProductsControllerTest.testProcess(ProductsControllerTest.java:48)

testFindById(com.hlengi.cos731.ProductService.ProductsControllerTest)  Time elapsed: 0 sec  <<< ERROR!
java.lang.NullPointerException: null
	at com.hlengi.cos731.ProductService.ProductsController.findById(ProductsController.java:47)
	at com.hlengi.cos731.ProductService.ProductsControllerTest.testFindById(ProductsControllerTest.java:77)

testUpdateProduct(com.hlengi.cos731.ProductService.ProductsControllerTest)  Time elapsed: 0.001 sec  <<< ERROR!
java.lang.NullPointerException: null
	at com.hlengi.cos731.ProductService.ProductsController.updateProduct(ProductsController.java:80)
	at com.hlengi.cos731.ProductService.ProductsControllerTest.testUpdateProduct(ProductsControllerTest.java:140)

testAddPromotion(com.hlengi.cos731.ProductService.ProductsControllerTest)  Time elapsed: 0 sec  <<< ERROR!
java.lang.NullPointerException: null
	at com.hlengi.cos731.ProductService.ProductsController.addPromotion(ProductsController.java:65)
	at com.hlengi.cos731.ProductService.ProductsControllerTest.testAddPromotion(ProductsControllerTest.java:110)

testFetchDataByName(com.hlengi.cos731.ProductService.ProductsControllerTest)  Time elapsed: 0 sec  <<< ERROR!
java.lang.NullPointerException: null
	at com.hlengi.cos731.ProductService.ProductsController.fetchDataByName(ProductsController.java:55)
	at com.hlengi.cos731.ProductService.ProductsControllerTest.testFetchDataByName(ProductsControllerTest.java:92)

